Error reporting
	 Date Time: 2017-03-29 04:25:24
	 Error Number: 2
	 Error Type: [2]
	 Error Message: include(ww.php): failed to open stream: No such file or directory
	 file name: E:\xampp\htdocs\web2\week8\phpmail\phpmail\errorlog\testerror.php
	 Error line number: 4
End reporting
Error reporting
	 Date Time: 2017-03-29 04:25:24
	 Error Number: 2
	 Error Type: [2]
	 Error Message: include(): Failed opening 'ww.php' for inclusion (include_path='E:\xampp\php\PEAR')
	 file name: E:\xampp\htdocs\web2\week8\phpmail\phpmail\errorlog\testerror.php
	 Error line number: 4
End reporting
Error reporting
	 Date Time: 2017-03-29 04:25:24
	 Error Number: 8
	 Error Type: [8]
	 Error Message: Undefined variable: name
	 file name: E:\xampp\htdocs\web2\week8\phpmail\phpmail\errorlog\testerror.php
	 Error line number: 5
End reporting
Error reporting
	 Date Time: 2017-03-29 06:16:47
	 Error Number: 2
	 Error Type: [2]
	 Error Message: Invalid argument supplied for foreach()
	 file name: E:\xampp\htdocs\web2\phpProject\cardeals\admin.php
	 Error line number: 28
End reporting
Error reporting
	 Date Time: 2017-03-29 06:18:35
	 Error Number: 2
	 Error Type: [2]
	 Error Message: Invalid argument supplied for foreach()
	 file name: E:\xampp\htdocs\web2\phpProject\cardeals\admin.php
	 Error line number: 28
End reporting
Error reporting
	 Date Time: 2017-03-29 06:19:43
	 Error Number: 2
	 Error Type: [2]
	 Error Message: Invalid argument supplied for foreach()
	 file name: E:\xampp\htdocs\web2\phpProject\cardeals\admin.php
	 Error line number: 28
End reporting
Error reporting
	 Date Time: 2017-03-29 06:27:29
	 Error Number: 2
	 Error Type: [2]
	 Error Message: Cannot modify header information - headers already sent by (output started at E:\xampp\htdocs\web2\phpProject\cardeals\admin.php:42)
	 file name: E:\xampp\htdocs\web2\phpProject\cardeals\admin.php
	 Error line number: 51
End reporting
Error reporting
	 Date Time: 2017-03-29 06:27:33
	 Error Number: 2
	 Error Type: [2]
	 Error Message: Cannot modify header information - headers already sent by (output started at E:\xampp\htdocs\web2\phpProject\cardeals\admin.php:42)
	 file name: E:\xampp\htdocs\web2\phpProject\cardeals\admin.php
	 Error line number: 51
End reporting
Error reporting
	 Date Time: 2017-03-29 06:27:36
	 Error Number: 2
	 Error Type: [2]
	 Error Message: Cannot modify header information - headers already sent by (output started at E:\xampp\htdocs\web2\phpProject\cardeals\admin.php:42)
	 file name: E:\xampp\htdocs\web2\phpProject\cardeals\admin.php
	 Error line number: 51
End reporting
Error reporting
	 Date Time: 2017-03-29 06:27:40
	 Error Number: 2
	 Error Type: [2]
	 Error Message: Cannot modify header information - headers already sent by (output started at E:\xampp\htdocs\web2\phpProject\cardeals\admin.php:42)
	 file name: E:\xampp\htdocs\web2\phpProject\cardeals\admin.php
	 Error line number: 51
End reporting
Error reporting
	 Date Time: 2017-03-29 06:42:44
	 Error Number: 2
	 Error Type: [2]
	 Error Message: Cannot modify header information - headers already sent by (output started at E:\xampp\htdocs\web2\phpProject\cardeals\admin.php:42)
	 file name: E:\xampp\htdocs\web2\phpProject\cardeals\admin.php
	 Error line number: 52
End reporting
Error reporting
	 Date Time: 2017-03-29 07:14:54
	 Error Number: 2
	 Error Type: [2]
	 Error Message: Cannot modify header information - headers already sent by (output started at E:\xampp\htdocs\web2\phpProject\cardeals\admin.php:42)
	 file name: E:\xampp\htdocs\web2\phpProject\cardeals\admin.php
	 Error line number: 51
End reporting
